<?xml version="1.0" encoding="UTF-8"?>
<!-- Generated by org.testng.reporters.JUnitXMLReporter -->
<testsuite hostname="TYSS-4F-054" ignored="2" name="Test" tests="2" failures="0" timestamp="28 Jan 2019 09:52:39 GMT" time="52.046" errors="0">
  <testcase name="selectOurDate" time="22.313" classname="testscripts.Example"/>
  <testcase name="findTheData" time="0.001" classname="testscripts.ActimeextendReport"/>
  <testcase name="@BeforeSuite extendReport" time="0.0" classname="generick.Baseclass">
    <ignored/>
  </testcase> <!-- @BeforeSuite extendReport -->
  <testcase name="@AfterSuite getExtendReport" time="0.0" classname="generick.Baseclass">
    <ignored/>
  </testcase> <!-- @AfterSuite getExtendReport -->
</testsuite> <!-- Test -->
