<?xml version="1.0" encoding="UTF-8"?><testsuite failures="0" name="cucumber.runtime.formatter.JUnitFormatter" skipped="0" tests="1" time="61.738448">
<testcase classname="gmail application" name="login to gmail application" time="61.738448">
<system-out><![CDATA[When verify the login page by title.........................................passed
And now enter the username "pksample4@gmail.com" and password "punitkumar@16".passed
And get all the mail of given date..........................................passed
]]></system-out>
</testcase>
</testsuite>
