<?xml version="1.0" encoding="UTF-8"?>
<!-- Generated by org.testng.reporters.JUnitXMLReporter -->
<testsuite hostname="TYSS-4F-054" ignored="2" name="Test(failed)" tests="2" failures="0" timestamp="28 Jan 2019 08:31:36 GMT" time="0.046" errors="0">
  <testcase name="@BeforeSuite extendReport" time="0.0" classname="generick.Baseclass">
    <failure type="java.lang.NullPointerException">
      <![CDATA[java.lang.NullPointerException
	at java.io.File.<init>(Unknown Source)
	at com.relevantcodes.extentreports.Report.setFilePath(Report.java:527)
	at com.relevantcodes.extentreports.ExtentReports.<init>(ExtentReports.java:80)
	at com.relevantcodes.extentreports.ExtentReports.<init>(ExtentReports.java:420)
	at generick.Baseclass.extendReport(Baseclass.java:33)
... Removed 19 stack frames]]>
    </failure>
  </testcase> <!-- @BeforeSuite extendReport -->
  <testcase name="@BeforeClass lunchBrowser" time="0.0" classname="generick.Baseclass">
    <skipped/>
  </testcase> <!-- @BeforeClass lunchBrowser -->
  <testcase name="@BeforeMethod lunchApp" time="0.0" classname="generick.Baseclass">
    <skipped/>
  </testcase> <!-- @BeforeMethod lunchApp -->
  <testcase name="@AfterMethod closeApp" time="0.0" classname="generick.Baseclass">
    <skipped/>
  </testcase> <!-- @AfterMethod closeApp -->
  <testcase name="@AfterClass closeBrowser" time="0.0" classname="generick.Baseclass">
    <skipped/>
  </testcase> <!-- @AfterClass closeBrowser -->
  <testcase name="@BeforeClass lunchBrowser" time="0.0" classname="generick.Baseclass">
    <skipped/>
  </testcase> <!-- @BeforeClass lunchBrowser -->
  <testcase name="@BeforeMethod lunchApp" time="0.0" classname="generick.Baseclass">
    <skipped/>
  </testcase> <!-- @BeforeMethod lunchApp -->
  <testcase name="@AfterMethod closeApp" time="0.0" classname="generick.Baseclass">
    <skipped/>
  </testcase> <!-- @AfterMethod closeApp -->
  <testcase name="@AfterClass closeBrowser" time="0.0" classname="generick.Baseclass">
    <skipped/>
  </testcase> <!-- @AfterClass closeBrowser -->
  <testcase name="selectOurDate" time="0.0" classname="testscripts.Example">
    <skipped/>
  </testcase> <!-- selectOurDate -->
  <testcase name="findTheData" time="0.0" classname="testscripts.ActimeextendReport">
    <skipped/>
  </testcase> <!-- findTheData -->
  <testcase name="@BeforeSuite extendReport" time="0.0" classname="generick.Baseclass">
    <ignored/>
  </testcase> <!-- @BeforeSuite extendReport -->
  <testcase name="@AfterSuite getExtendReport" time="0.0" classname="generick.Baseclass">
    <ignored/>
  </testcase> <!-- @AfterSuite getExtendReport -->
</testsuite> <!-- Test(failed) -->
