<?xml version="1.0" encoding="UTF-8"?>
<testng-results skipped="0" failed="0" ignored="0" total="1" passed="1">
  <reporter-output>
  </reporter-output>
  <suite name="Default suite" duration-ms="9194" started-at="2019-01-11T09:55:44Z" finished-at="2019-01-11T09:55:53Z">
    <groups>
    </groups>
    <test name="Default test" duration-ms="9194" started-at="2019-01-11T09:55:44Z" finished-at="2019-01-11T09:55:53Z">
      <class name="Example.LunchTheBrowserByWindow">
        <test-method status="PASS" signature="lunch()[pri:0, instance:Example.LunchTheBrowserByWindow@1ce92674]" name="lunch" duration-ms="9179" started-at="2019-01-11T15:25:44Z" finished-at="2019-01-11T15:25:53Z">
          <reporter-output>
          </reporter-output>
        </test-method> <!-- lunch -->
      </class> <!-- Example.LunchTheBrowserByWindow -->
    </test> <!-- Default test -->
  </suite> <!-- Default suite -->
</testng-results>
