<?xml version="1.0" encoding="UTF-8"?>
<testng-results skipped="0" failed="0" ignored="2" total="4" passed="2">
  <reporter-output>
  </reporter-output>
  <suite name="Suite" duration-ms="52046" started-at="2019-01-28T09:51:47Z" finished-at="2019-01-28T09:52:39Z">
    <groups>
    </groups>
    <test name="Test" duration-ms="52046" started-at="2019-01-28T09:51:47Z" finished-at="2019-01-28T09:52:39Z">
      <class name="testscripts.ActimeextendReport">
        <test-method status="PASS" signature="lunchBrowser()[pri:0, instance:testscripts.ActimeextendReport@20322d26]" name="lunchBrowser" is-config="true" duration-ms="2260" started-at="2019-01-28T15:22:26Z" finished-at="2019-01-28T15:22:28Z">
          <reporter-output>
          </reporter-output>
        </test-method> <!-- lunchBrowser -->
        <test-method status="PASS" signature="lunchApp()[pri:0, instance:testscripts.ActimeextendReport@20322d26]" name="lunchApp" is-config="true" duration-ms="4583" started-at="2019-01-28T15:22:28Z" finished-at="2019-01-28T15:22:33Z">
          <reporter-output>
          </reporter-output>
        </test-method> <!-- lunchApp -->
        <test-method status="PASS" signature="findTheData()[pri:0, instance:testscripts.ActimeextendReport@20322d26]" name="findTheData" duration-ms="1" started-at="2019-01-28T15:22:33Z" finished-at="2019-01-28T15:22:33Z">
          <reporter-output>
          </reporter-output>
        </test-method> <!-- findTheData -->
        <test-method status="PASS" signature="closeApp()[pri:0, instance:testscripts.ActimeextendReport@20322d26]" name="closeApp" is-config="true" duration-ms="3821" started-at="2019-01-28T15:22:33Z" finished-at="2019-01-28T15:22:36Z">
          <reporter-output>
          </reporter-output>
        </test-method> <!-- closeApp -->
        <test-method status="PASS" signature="closeBrowser()[pri:0, instance:testscripts.ActimeextendReport@20322d26]" name="closeBrowser" is-config="true" duration-ms="2378" started-at="2019-01-28T15:22:36Z" finished-at="2019-01-28T15:22:39Z">
          <reporter-output>
          </reporter-output>
        </test-method> <!-- closeBrowser -->
      </class> <!-- testscripts.ActimeextendReport -->
      <class name="testscripts.Example">
        <test-method status="PASS" signature="extendReport()[pri:0, instance:testscripts.Example@49993335]" name="extendReport" is-config="true" duration-ms="21" started-at="2019-01-28T15:21:47Z" finished-at="2019-01-28T15:21:47Z">
          <reporter-output>
          </reporter-output>
        </test-method> <!-- extendReport -->
        <test-method status="PASS" signature="lunchBrowser()[pri:0, instance:testscripts.Example@49993335]" name="lunchBrowser" is-config="true" duration-ms="6403" started-at="2019-01-28T15:21:47Z" finished-at="2019-01-28T15:21:53Z">
          <reporter-output>
          </reporter-output>
        </test-method> <!-- lunchBrowser -->
        <test-method status="PASS" signature="lunchApp()[pri:0, instance:testscripts.Example@49993335]" name="lunchApp" is-config="true" duration-ms="6614" started-at="2019-01-28T15:21:53Z" finished-at="2019-01-28T15:22:00Z">
          <reporter-output>
          </reporter-output>
        </test-method> <!-- lunchApp -->
        <test-method status="PASS" signature="selectOurDate()[pri:0, instance:testscripts.Example@49993335]" name="selectOurDate" duration-ms="22313" started-at="2019-01-28T15:22:00Z" finished-at="2019-01-28T15:22:22Z">
          <reporter-output>
          </reporter-output>
        </test-method> <!-- selectOurDate -->
        <test-method status="PASS" signature="closeApp()[pri:0, instance:testscripts.Example@49993335]" name="closeApp" is-config="true" duration-ms="1293" started-at="2019-01-28T15:22:22Z" finished-at="2019-01-28T15:22:23Z">
          <reporter-output>
          </reporter-output>
        </test-method> <!-- closeApp -->
        <test-method status="PASS" signature="closeBrowser()[pri:0, instance:testscripts.Example@49993335]" name="closeBrowser" is-config="true" duration-ms="2346" started-at="2019-01-28T15:22:23Z" finished-at="2019-01-28T15:22:26Z">
          <reporter-output>
          </reporter-output>
        </test-method> <!-- closeBrowser -->
        <test-method status="PASS" signature="getExtendReport()[pri:0, instance:testscripts.Example@49993335]" name="getExtendReport" is-config="true" duration-ms="16" started-at="2019-01-28T15:22:39Z" finished-at="2019-01-28T15:22:39Z">
          <reporter-output>
          </reporter-output>
        </test-method> <!-- getExtendReport -->
      </class> <!-- testscripts.Example -->
    </test> <!-- Test -->
  </suite> <!-- Suite -->
</testng-results>
